current directory: /home/msfe/.local/share/gem/ruby/3.0.0/gems/msgpack-1.6.0/ext/msgpack
/usr/bin/ruby -I /usr/lib/ruby/3.0.0 extconf.rb
checking for ruby/st.h... yes
checking for st.h... no
checking for rb_enc_interned_str() in ruby.h... yes
checking for rb_hash_new_capa() in ruby.h... no
creating Makefile

current directory: /home/msfe/.local/share/gem/ruby/3.0.0/gems/msgpack-1.6.0/ext/msgpack
make DESTDIR\= sitearchdir\=./.gem.20230109-40975-pwwjk9 sitelibdir\=./.gem.20230109-40975-pwwjk9 clean

current directory: /home/msfe/.local/share/gem/ruby/3.0.0/gems/msgpack-1.6.0/ext/msgpack
make DESTDIR\= sitearchdir\=./.gem.20230109-40975-pwwjk9 sitelibdir\=./.gem.20230109-40975-pwwjk9
compiling buffer.c
compiling buffer_class.c
compiling extension_value_class.c
compiling factory_class.c
compiling packer.c
compiling packer_class.c
compiling packer_ext_registry.c
compiling rbinit.c
compiling rmem.c
compiling unpacker.c
compiling unpacker_class.c
compiling unpacker_ext_registry.c
linking shared-object msgpack/msgpack.so

current directory: /home/msfe/.local/share/gem/ruby/3.0.0/gems/msgpack-1.6.0/ext/msgpack
make DESTDIR\= sitearchdir\=./.gem.20230109-40975-pwwjk9 sitelibdir\=./.gem.20230109-40975-pwwjk9 install
/usr/bin/install -c -m 0755 msgpack.so ./.gem.20230109-40975-pwwjk9/msgpack
