[19:55:57.874][info] [#0:/home/msfe/.local/share/nvim/mason/packages/lua-language-server/extension/server/main.lua:66]: Lua Lsp startup, root: 	/home/msfe/.local/share/nvim/mason/packages/lua-language-server/extension/server
[19:55:57.875][info] [#0:/home/msfe/.local/share/nvim/mason/packages/lua-language-server/extension/server/main.lua:67]: ROOT:	/home/msfe/.local/share/nvim/mason/packages/lua-language-server/extension/server
[19:55:57.875][info] [#0:/home/msfe/.local/share/nvim/mason/packages/lua-language-server/extension/server/main.lua:68]: LOGPATH:	/home/msfe/.local/share/nvim/mason/packages/lua-language-server/extension/server/log
[19:55:57.875][info] [#0:/home/msfe/.local/share/nvim/mason/packages/lua-language-server/extension/server/main.lua:69]: METAPATH:	/home/msfe/.local/share/nvim/mason/packages/lua-language-server/extension/server/meta
[19:55:57.876][info] [#0:/home/msfe/.local/share/nvim/mason/packages/lua-language-server/extension/server/main.lua:70]: VERSION:	3.6.4-dev
[19:55:57.974][info] [#0:script/service/service.lua:141]: 
========= Medical Examination Report =========
    --------------- Memory ---------------
        Total: 1.563 MB
        # 00 : 1.563 MB
        # 01 : 0.000 MB
        # 02 : 0.000 MB
        # 03 : 0.000 MB
        # 04 : 0.000 MB
    --------------- Coroutine ---------------
        Total:     0
        Running:   0
        Suspended: 0
        Normal:    0
        Dead:      0
    --------------- Cache ---------------
        Total: 1
        Dead:  0
    ---------------  RPC  ---------------
        Holdon:   0
        Waiting:  0
==============================================
[19:55:57.999][info] [#0:script/language.lua:137]: VSC language: nil
[19:55:57.999][info] [#0:script/language.lua:138]: LS  language: en-us
[19:55:57.999][info] [#0:script/workspace/workspace.lua:38]: Workspace init root: 	file:///home/msfe/.config/nvim/lua/
[19:55:57.999][info] [#0:script/workspace/workspace.lua:42]: Log path: 	/home/msfe/.local/share/nvim/mason/packages/lua-language-server/extension/server/log/file_home_msfe_.config_nvim_lua_.log
