0 verbose cli /usr/bin/node /usr/bin/npm
1 info using npm@8.19.2
2 info using node@v19.4.0
3 timing npm:load:whichnode Completed in 0ms
4 timing config:load:defaults Completed in 1ms
5 timing config:load:file:/usr/lib/node_modules/npm/npmrc Completed in 4ms
6 timing config:load:builtin Completed in 4ms
7 timing config:load:cli Completed in 3ms
8 timing config:load:env Completed in 0ms
9 timing config:load:file:/home/msfe/.cache/typescript/4.9/.npmrc Completed in 0ms
10 timing config:load:project Completed in 2ms
11 timing config:load:file:/home/msfe/.npmrc Completed in 1ms
12 timing config:load:user Completed in 1ms
13 timing config:load:file:/usr/etc/npmrc Completed in 0ms
14 timing config:load:global Completed in 0ms
15 timing config:load:validate Completed in 0ms
16 timing config:load:credentials Completed in 2ms
17 timing config:load:setEnvs Completed in 0ms
18 timing config:load Completed in 15ms
19 timing npm:load:configload Completed in 16ms
20 timing npm:load:mkdirpcache Completed in 1ms
21 timing npm:load:mkdirplogs Completed in 1ms
22 verbose title npm install @types/supercluster@ts4.9
23 verbose argv "install" "--ignore-scripts" "@types/supercluster@ts4.9" "--save-dev" "--user-agent" "typesInstaller/4.9.4"
24 timing npm:load:setTitle Completed in 1ms
25 timing config:load:flatten Completed in 4ms
26 timing npm:load:display Completed in 5ms
27 verbose logfile logs-max:10 dir:/home/msfe/.npm/_logs
28 verbose logfile /home/msfe/.npm/_logs/2023-01-12T09_49_18_840Z-debug-0.log
29 timing npm:load:logFile Completed in 6ms
30 timing npm:load:timers Completed in 0ms
31 timing npm:load:configScope Completed in 0ms
32 timing npm:load Completed in 31ms
33 timing arborist:ctor Completed in 0ms
34 silly logfile start cleaning logs, removing 1 files
35 silly logfile done cleaning log files
36 timing idealTree:init Completed in 89ms
37 timing arborist:ctor Completed in 1ms
38 http fetch GET 200 https://registry.npmjs.org/@types%2fsupercluster 2503ms (cache miss)
39 timing idealTree:userRequests Completed in 2508ms
40 silly idealTree buildDeps
41 silly fetch manifest @types/supercluster@7.1.0
42 silly placeDep ROOT @types/supercluster@7.1.0 OK for:  want: 7.1.0
43 silly fetch manifest @types/geojson@*
44 http fetch GET 200 https://registry.npmjs.org/@types%2fgeojson 119ms (cache miss)
45 timing idealTree:#root Completed in 126ms
46 silly placeDep ROOT @types/geojson@7946.0.10 OK for: @types/supercluster@7.1.0 want: *
47 timing idealTree:node_modules/@types/supercluster Completed in 2ms
48 timing idealTree:node_modules/@types/geojson Completed in 0ms
49 timing idealTree:buildDeps Completed in 130ms
50 timing idealTree:fixDepFlags Completed in 0ms
51 timing idealTree Completed in 2730ms
52 timing reify:loadTrees Completed in 2731ms
53 timing reify:diffTrees Completed in 3ms
54 silly reify moves {}
55 timing reify:retireShallow Completed in 1ms
56 timing reify:createSparse Completed in 3ms
57 timing reify:loadBundles Completed in 0ms
58 silly audit bulk request {
58 silly audit   '@babel/code-frame': [ '7.18.6' ],
58 silly audit   '@babel/helper-validator-identifier': [ '7.19.1' ],
58 silly audit   '@babel/highlight': [ '7.18.6' ],
58 silly audit   'ansi-styles': [ '3.2.1', '4.3.0', '5.2.0' ],
58 silly audit   chalk: [ '2.4.2', '4.1.2' ],
58 silly audit   'color-convert': [ '1.9.3', '2.0.1' ],
58 silly audit   'color-name': [ '1.1.3', '1.1.4' ],
58 silly audit   'escape-string-regexp': [ '1.0.5', '2.0.0' ],
58 silly audit   'has-flag': [ '3.0.0', '4.0.0' ],
58 silly audit   'supports-color': [ '5.5.0', '7.2.0' ],
58 silly audit   '@babel/runtime': [ '7.20.7' ],
58 silly audit   '@jest/expect-utils': [ '29.3.1' ],
58 silly audit   '@jest/schemas': [ '29.0.0' ],
58 silly audit   '@jest/types': [ '29.3.1' ],
58 silly audit   '@popperjs/core': [ '2.11.6' ],
58 silly audit   '@sinclair/typebox': [ '0.24.51' ],
58 silly audit   '@types/bootstrap': [ '5.2.6' ],
58 silly audit   '@types/history': [ '4.7.11' ],
58 silly audit   '@types/hoist-non-react-statics': [ '3.3.1' ],
58 silly audit   '@types/istanbul-lib-coverage': [ '2.0.4' ],
58 silly audit   '@types/istanbul-lib-report': [ '3.0.0' ],
58 silly audit   '@types/istanbul-reports': [ '3.0.1' ],
58 silly audit   '@types/jest': [ '29.2.5' ],
58 silly audit   '@types/node': [ '18.11.18' ],
58 silly audit   '@types/prop-types': [ '15.7.5' ],
58 silly audit   '@types/react': [ '18.0.26' ],
58 silly audit   '@types/react-bootstrap': [ '0.32.32' ],
58 silly audit   '@types/react-dom': [ '18.0.10' ],
58 silly audit   '@types/react-redux': [ '7.1.25' ],
58 silly audit   '@types/react-router': [ '5.1.20' ],
58 silly audit   '@types/react-router-dom': [ '5.3.3' ],
58 silly audit   '@types/scheduler': [ '0.16.2' ],
58 silly audit   '@types/stack-utils': [ '2.0.1' ],
58 silly audit   '@types/styled-components': [ '5.1.26' ],
58 silly audit   '@types/testing-library__jest-dom': [ '5.14.5' ],
58 silly audit   '@types/validator': [ '13.7.10' ],
58 silly audit   '@types/yargs': [ '17.0.19' ],
58 silly audit   '@types/yargs-parser': [ '21.0.0' ],
58 silly audit   braces: [ '3.0.2' ],
58 silly audit   'ci-info': [ '3.7.1' ],
58 silly audit   csstype: [ '3.1.1' ],
58 silly audit   'diff-sequences': [ '29.3.1' ],
58 silly audit   expect: [ '29.3.1' ],
58 silly audit   'fill-range': [ '7.0.1' ],
58 silly audit   'graceful-fs': [ '4.2.10' ],
58 silly audit   'hoist-non-react-statics': [ '3.3.2' ],
58 silly audit   'react-is': [ '16.13.1', '18.2.0' ],
58 silly audit   'is-number': [ '7.0.0' ],
58 silly audit   'jest-diff': [ '29.3.1' ],
58 silly audit   'jest-get-type': [ '29.2.0' ],
58 silly audit   'jest-matcher-utils': [ '29.3.1' ],
58 silly audit   'jest-message-util': [ '29.3.1' ],
58 silly audit   'jest-util': [ '29.3.1' ],
58 silly audit   'js-tokens': [ '4.0.0' ],
58 silly audit   micromatch: [ '4.0.5' ],
58 silly audit   picomatch: [ '2.3.1' ],
58 silly audit   'pretty-format': [ '29.3.1' ],
58 silly audit   redux: [ '4.2.0' ],
58 silly audit   'regenerator-runtime': [ '0.13.11' ],
58 silly audit   slash: [ '3.0.0' ],
58 silly audit   'stack-utils': [ '2.0.6' ],
58 silly audit   'to-regex-range': [ '5.0.1' ],
58 silly audit   'types-registry': [ '0.1.626' ],
58 silly audit   '@types/supercluster': [ '7.1.0' ],
58 silly audit   '@types/geojson': [ '7946.0.10' ]
58 silly audit }
59 silly tarball no local data for @types/geojson@https://registry.npmjs.org/@types/geojson/-/geojson-7946.0.10.tgz. Extracting by manifest.
60 silly tarball no local data for @types/supercluster@https://registry.npmjs.org/@types/supercluster/-/supercluster-7.1.0.tgz. Extracting by manifest.
61 http fetch GET 200 https://registry.npmjs.org/@types/geojson/-/geojson-7946.0.10.tgz 276ms (cache miss)
62 timing reifyNode:node_modules/@types/geojson Completed in 286ms
63 http fetch POST 200 https://registry.npmjs.org/-/npm/v1/security/advisories/bulk 376ms
64 timing auditReport:getReport Completed in 380ms
65 silly audit report {}
66 timing auditReport:init Completed in 0ms
67 timing reify:audit Completed in 380ms
68 http fetch GET 200 https://registry.npmjs.org/@types/supercluster/-/supercluster-7.1.0.tgz 1157ms (cache miss)
69 timing reifyNode:node_modules/@types/supercluster Completed in 1168ms
70 timing reify:unpack Completed in 1169ms
71 timing reify:unretire Completed in 0ms
72 timing build:queue Completed in 2ms
73 timing build:deps Completed in 2ms
74 timing build Completed in 4ms
75 timing reify:build Completed in 4ms
76 timing reify:trash Completed in 0ms
77 timing reify:save Completed in 23ms
78 timing reify Completed in 3965ms
79 silly ADD node_modules/@types/geojson
80 silly ADD node_modules/@types/supercluster
81 timing command:install Completed in 3976ms
82 verbose exit 0
83 timing npm Completed in 4111ms
84 info ok
