0 verbose cli /usr/bin/node /usr/bin/npm
1 info using npm@8.19.2
2 info using node@v19.4.0
3 timing npm:load:whichnode Completed in 1ms
4 timing config:load:defaults Completed in 5ms
5 timing config:load:file:/usr/lib/node_modules/npm/npmrc Completed in 8ms
6 timing config:load:builtin Completed in 8ms
7 timing config:load:cli Completed in 6ms
8 timing config:load:env Completed in 1ms
9 timing config:load:file:/home/msfe/.cache/typescript/4.8/.npmrc Completed in 2ms
10 timing config:load:project Completed in 26ms
11 timing config:load:file:/home/msfe/.npmrc Completed in 1ms
12 timing config:load:user Completed in 2ms
13 timing config:load:file:/usr/etc/npmrc Completed in 0ms
14 timing config:load:global Completed in 1ms
15 timing config:load:validate Completed in 0ms
16 timing config:load:credentials Completed in 3ms
17 timing config:load:setEnvs Completed in 2ms
18 timing config:load Completed in 56ms
19 timing npm:load:configload Completed in 56ms
20 timing npm:load:mkdirpcache Completed in 12ms
21 timing npm:load:mkdirplogs Completed in 1ms
22 verbose title npm install types-registry@latest
23 verbose argv "install" "--ignore-scripts" "types-registry@latest"
24 timing npm:load:setTitle Completed in 5ms
25 timing config:load:flatten Completed in 12ms
26 timing npm:load:display Completed in 30ms
27 verbose logfile logs-max:10 dir:/home/msfe/.npm/_logs
28 verbose logfile /home/msfe/.npm/_logs/2023-01-10T09_57_29_595Z-debug-0.log
29 timing npm:load:logFile Completed in 29ms
30 timing npm:load:timers Completed in 1ms
31 timing npm:load:configScope Completed in 0ms
32 timing npm:load Completed in 137ms
33 timing arborist:ctor Completed in 3ms
34 silly logfile start cleaning logs, removing 1 files
35 silly logfile done cleaning log files
36 timing arborist:ctor Completed in 0ms
37 timing idealTree:init Completed in 40ms
38 http fetch GET 200 https://registry.npmjs.org/types-registry 624ms (cache revalidated)
39 timing idealTree:userRequests Completed in 656ms
40 silly idealTree buildDeps
41 silly fetch manifest types-registry@0.1.626
42 silly placeDep ROOT types-registry@0.1.626 OK for:  want: 0.1.626
43 timing idealTree:#root Completed in 22ms
44 timing idealTree:node_modules/types-registry Completed in 0ms
45 timing idealTree:buildDeps Completed in 25ms
46 timing idealTree:fixDepFlags Completed in 1ms
47 timing idealTree Completed in 723ms
48 timing reify:loadTrees Completed in 725ms
49 timing reify:diffTrees Completed in 1ms
50 silly reify moves {}
51 timing reify:retireShallow Completed in 3ms
52 timing reify:createSparse Completed in 4ms
53 timing reify:loadBundles Completed in 0ms
54 silly audit bulk request { 'types-registry': [ '0.1.626' ] }
55 timing reifyNode:node_modules/types-registry Completed in 79ms
56 timing reify:unpack Completed in 80ms
57 timing reify:unretire Completed in 0ms
58 timing build:queue Completed in 1ms
59 timing build:deps Completed in 2ms
60 timing build Completed in 3ms
61 timing reify:build Completed in 4ms
62 timing reify:trash Completed in 0ms
63 timing reify:save Completed in 13ms
64 http fetch POST 200 https://registry.npmjs.org/-/npm/v1/security/advisories/bulk 355ms
65 timing auditReport:getReport Completed in 360ms
66 silly audit report {}
67 timing auditReport:init Completed in 1ms
68 timing reify:audit Completed in 362ms
69 timing reify Completed in 1115ms
70 silly ADD node_modules/types-registry
71 timing command:install Completed in 1131ms
72 verbose exit 0
73 timing npm Completed in 1563ms
74 info ok
